<?xml version="1.0" encoding="UTF-8"?>
<!-- Generated by org.testng.reporters.JUnitReportReporter -->
<testsuite hostname="1454558c9434" failures="0" tests="20" name="com.shaarv70.tests.flightreservation.FlightReservationTest" time="295.282" errors="0" timestamp="2024-03-10T18:53:01 GMT" skipped="0">
  <testcase classname="com.shaarv70.tests.flightreservation.FlightReservationTest" name="registrationConfirmationTest" time="7.772"/>
  <testcase classname="com.shaarv70.tests.flightreservation.FlightReservationTest" name="flightReservationConfirmationTest" time="1.932"/>
  <testcase classname="com.shaarv70.tests.flightreservation.FlightReservationTest" name="flightReservationConfirmationTest" time="1.676"/>
  <testcase classname="com.shaarv70.tests.flightreservation.FlightReservationTest" name="flightsSearchTest" time="9.052"/>
  <testcase classname="com.shaarv70.tests.flightreservation.FlightReservationTest" name="flightsSelectionTest" time="4.210"/>
  <testcase classname="com.shaarv70.tests.flightreservation.FlightReservationTest" name="registrationConfirmationTest" time="14.557"/>
  <testcase classname="com.shaarv70.tests.flightreservation.FlightReservationTest" name="registrationConfirmationTest" time="11.497"/>
  <testcase classname="com.shaarv70.tests.flightreservation.FlightReservationTest" name="flightReservationConfirmationTest" time="2.680"/>
  <testcase classname="com.shaarv70.tests.flightreservation.FlightReservationTest" name="flightsSearchTest" time="8.713"/>
  <testcase classname="com.shaarv70.tests.flightreservation.FlightReservationTest" name="flightsSearchTest" time="6.375"/>
  <testcase classname="com.shaarv70.tests.flightreservation.FlightReservationTest" name="userRegistrationTest" time="47.557"/>
  <testcase classname="com.shaarv70.tests.flightreservation.FlightReservationTest" name="flightsSearchTest" time="10.992"/>
  <testcase classname="com.shaarv70.tests.flightreservation.FlightReservationTest" name="userRegistrationTest" time="47.257"/>
  <testcase classname="com.shaarv70.tests.flightreservation.FlightReservationTest" name="flightsSelectionTest" time="2.131"/>
  <testcase classname="com.shaarv70.tests.flightreservation.FlightReservationTest" name="flightReservationConfirmationTest" time="2.380"/>
  <testcase classname="com.shaarv70.tests.flightreservation.FlightReservationTest" name="userRegistrationTest" time="47.120"/>
  <testcase classname="com.shaarv70.tests.flightreservation.FlightReservationTest" name="flightsSelectionTest" time="5.610"/>
  <testcase classname="com.shaarv70.tests.flightreservation.FlightReservationTest" name="flightsSelectionTest" time="4.628"/>
  <testcase classname="com.shaarv70.tests.flightreservation.FlightReservationTest" name="userRegistrationTest" time="47.601"/>
  <testcase classname="com.shaarv70.tests.flightreservation.FlightReservationTest" name="registrationConfirmationTest" time="11.542"/>
</testsuite> <!-- com.shaarv70.tests.flightreservation.FlightReservationTest -->
